#
# There is insufficient memory for the Java Runtime Environment to continue.
# Native memory allocation (malloc) failed to allocate 776064 bytes for Chunk::new
# Possible reasons:
#   The system is out of physical RAM or swap space
#   In 32 bit mode, the process size limit was hit
# Possible solutions:
#   Reduce memory load on the system
#   Increase physical memory or swap space
#   Check if swap backing store is full
#   Use 64 bit Java on a 64 bit OS
#   Decrease Java heap size (-Xmx/-Xms)
#   Decrease number of Java threads
#   Decrease Java thread stack sizes (-Xss)
#   Set larger code cache with -XX:ReservedCodeCacheSize=
# This output file may be truncated or incomplete.
#
#  Out of Memory Error (allocation.cpp:390), pid=12788, tid=0x000000000000092c
#
# JRE version: OpenJDK Runtime Environment (8.0_112-b06) (build 1.8.0_112-release-b06)
# Java VM: OpenJDK 64-Bit Server VM (25.112-b06 mixed mode windows-amd64 compressed oops)
# Failed to write core dump. Minidumps are not enabled by default on client versions of Windows
#

---------------  T H R E A D  ---------------

Current thread (0x0000000015f3a800):  JavaThread "C2 CompilerThread1" daemon [_thread_in_native, id=2348, stack(0x0000000017690000,0x0000000017790000)]

Stack: [0x0000000017690000,0x0000000017790000]
[error occurred during error reporting (printing stack bounds), id 0xc0000005]

Native frames: (J=compiled Java code, j=interpreted, Vv=VM code, C=native code)


Current CompileTask:
C2:  65223 7213   !   4       java.nio.file.FileTreeWalker::next (144 bytes)


---------------  P R O C E S S  ---------------

Java Threads: ( => current thread )
  0x000000001d713000 JavaThread "Cache update executor" [_thread_blocked, id=2772, stack(0x00000000209c0000,0x0000000020ac0000)]
  0x000000001d717800 JavaThread "File lock request listener" [_thread_in_native, id=4580, stack(0x000000001b8a0000,0x000000001b9a0000)]
  0x00000000187ba800 JavaThread "pool-1-thread-1" [_thread_blocked, id=6784, stack(0x000000001a5d0000,0x000000001a6d0000)]
  0x00000000187ca800 JavaThread "Stdin handler" [_thread_blocked, id=13872, stack(0x000000001a4d0000,0x000000001a5d0000)]
  0x00000000187c9800 JavaThread "Asynchronous log dispatcher for DefaultDaemonConnection: socket connection from /127.0.0.1:53661 to /127.0.0.1:53662" [_thread_blocked, id=14888, stack(0x000000001a3d0000,0x000000001a4d0000)]
  0x0000000018821000 JavaThread "Daemon worker" [_thread_in_native, id=12260, stack(0x000000001a2d0000,0x000000001a3d0000)]
  0x0000000018a4e000 JavaThread "Cancel handler" [_thread_blocked, id=9868, stack(0x000000001a1d0000,0x000000001a2d0000)]
  0x0000000018c58000 JavaThread "Handler for socket connection from /127.0.0.1:53661 to /127.0.0.1:53662" [_thread_in_native, id=7348, stack(0x000000001a0d0000,0x000000001a1d0000)]
  0x0000000018684000 JavaThread "Daemon" [_thread_blocked, id=15104, stack(0x0000000019fd0000,0x000000001a0d0000)]
  0x00000000188e6800 JavaThread "Incoming local TCP Connector on port 53661" [_thread_in_native, id=13820, stack(0x0000000019ba0000,0x0000000019ca0000)]
  0x0000000015f43800 JavaThread "Service Thread" daemon [_thread_blocked, id=9428, stack(0x0000000017890000,0x0000000017990000)]
  0x0000000015f3d800 JavaThread "C1 CompilerThread2" daemon [_thread_blocked, id=6364, stack(0x0000000017790000,0x0000000017890000)]
=>0x0000000015f3a800 JavaThread "C2 CompilerThread1" daemon [_thread_in_native, id=2348, stack(0x0000000017690000,0x0000000017790000)]
  0x0000000015f48800 JavaThread "C2 CompilerThread0" daemon [_thread_blocked, id=13704, stack(0x0000000017590000,0x0000000017690000)]
  0x0000000015f47000 JavaThread "Attach Listener" daemon [_thread_blocked, id=6008, stack(0x0000000017490000,0x0000000017590000)]
  0x0000000015f46000 JavaThread "Signal Dispatcher" daemon [_thread_blocked, id=10448, stack(0x0000000017390000,0x0000000017490000)]
  0x0000000015f28800 JavaThread "Finalizer" daemon [_thread_blocked, id=13768, stack(0x00000000171a0000,0x00000000172a0000)]
  0x00000000025c2000 JavaThread "Reference Handler" daemon [_thread_blocked, id=15188, stack(0x00000000170a0000,0x00000000171a0000)]
  0x00000000024cd800 JavaThread "main" [_thread_blocked, id=7592, stack(0x0000000002380000,0x0000000002480000)]

Other Threads:
  0x0000000015f05000 VMThread [stack: 0x0000000016fa0000,0x00000000170a0000] [id=3600]
  0x0000000015f8a000 WatcherThread [stack: 0x0000000017990000,0x0000000017a90000] [id=5564]

VM state:not at safepoint (normal execution)

VM Mutex/Monitor currently owned by a thread: None

Heap:
 PSYoungGen      total 104960K, used 49892K [0x00000000e0000000, 0x00000000e9300000, 0x0000000100000000)
  eden space 95744K, 42% used [0x00000000e0000000,0x00000000e27be260,0x00000000e5d80000)
  from space 9216K, 99% used [0x00000000e5d80000,0x00000000e667b0c0,0x00000000e6680000)
  to   space 14848K, 0% used [0x00000000e8480000,0x00000000e8480000,0x00000000e9300000)
 ParOldGen       total 47616K, used 32176K [0x00000000a0000000, 0x00000000a2e80000, 0x00000000e0000000)
  object space 47616K, 67% used [0x00000000a0000000,0x00000000a1f6c2a0,0x00000000a2e80000)
 Metaspace       used 56083K, capacity 57786K, committed 57856K, reserved 1099776K
  class space    used 7560K, capacity 7904K, committed 7936K, reserved 1048576K

Card table byte_map: [0x0000000011990000,0x0000000011ca0000] byte_map_base: 0x0000000011490000

Marking Bits: (ParMarkBitMap*) 0x0000000061df18f0
 Begin Bits: [0x00000000122a0000, 0x0000000013aa0000)
 End Bits:   [0x0000000013aa0000, 0x00000000152a0000)

Polling page: 0x0000000000b10000

CodeCache: size=245760Kb used=20858Kb max_used=21410Kb free=224901Kb
 bounds [0x00000000025d0000, 0x0000000003ad0000, 0x00000000115d0000]
 total_blobs=6909 nmethods=6140 adapters=681
 compilation: enabled

Compilation events (10 events):
Event: 64.927 Thread 0x0000000015f3d800 7240       3       java.lang.invoke.InvokerBytecodeGenerator::isStaticallyInvocable (169 bytes)
Event: 64.931 Thread 0x0000000015f3d800 nmethod 7240 0x00000000027fa750 code [0x00000000027fabc0, 0x00000000027fdcf8]
Event: 64.931 Thread 0x0000000015f3d800 7241       3       java.lang.invoke.MethodType::parameterArray (11 bytes)
Event: 64.932 Thread 0x0000000015f3d800 nmethod 7241 0x0000000002708150 code [0x00000000027082c0, 0x00000000027085c8]
Event: 64.932 Thread 0x0000000015f3d800 7242       3       java.lang.invoke.MemberName::isPrivate (8 bytes)
Event: 64.932 Thread 0x0000000015f3d800 nmethod 7242 0x0000000003958c10 code [0x0000000003958d80, 0x0000000003958f90]
Event: 65.054 Thread 0x0000000015f3d800 7243       3       org.objectweb.asm.tree.AbstractInsnNode::<init> (15 bytes)
Event: 65.055 Thread 0x0000000015f3d800 nmethod 7243 0x00000000039f2950 code [0x00000000039f2aa0, 0x00000000039f2c50]
Event: 65.055 Thread 0x0000000015f3d800 7244       3       org.objectweb.asm.tree.InsnList::add (62 bytes)
Event: 65.055 Thread 0x0000000015f3d800 nmethod 7244 0x0000000003a4c410 code [0x0000000003a4c580, 0x0000000003a4c7d0]

GC Heap History (10 events):
Event: 39.187 GC heap before
{Heap before GC invocations=15 (full 2):
 PSYoungGen      total 54272K, used 3915K [0x00000000e0000000, 0x00000000e5500000, 0x0000000100000000)
  eden space 45568K, 0% used [0x00000000e0000000,0x00000000e0000000,0x00000000e2c80000)
  from space 8704K, 44% used [0x00000000e2c80000,0x00000000e3052f30,0x00000000e3500000)
  to   space 8704K, 0% used [0x00000000e4c80000,0x00000000e4c80000,0x00000000e5500000)
 ParOldGen       total 38400K, used 13108K [0x00000000a0000000, 0x00000000a2580000, 0x00000000e0000000)
  object space 38400K, 34% used [0x00000000a0000000,0x00000000a0ccd1d0,0x00000000a2580000)
 Metaspace       used 34695K, capacity 35350K, committed 35496K, reserved 1079296K
  class space    used 4633K, capacity 4815K, committed 4864K, reserved 1048576K
Event: 39.339 GC heap after
Heap after GC invocations=15 (full 2):
 PSYoungGen      total 54272K, used 0K [0x00000000e0000000, 0x00000000e5500000, 0x0000000100000000)
  eden space 45568K, 0% used [0x00000000e0000000,0x00000000e0000000,0x00000000e2c80000)
  from space 8704K, 0% used [0x00000000e2c80000,0x00000000e2c80000,0x00000000e3500000)
  to   space 8704K, 0% used [0x00000000e4c80000,0x00000000e4c80000,0x00000000e5500000)
 ParOldGen       total 47616K, used 14261K [0x00000000a0000000, 0x00000000a2e80000, 0x00000000e0000000)
  object space 47616K, 29% used [0x00000000a0000000,0x00000000a0ded5a8,0x00000000a2e80000)
 Metaspace       used 34695K, capacity 35350K, committed 35496K, reserved 1079296K
  class space    used 4633K, capacity 4815K, committed 4864K, reserved 1048576K
}
Event: 40.650 GC heap before
{Heap before GC invocations=16 (full 2):
 PSYoungGen      total 54272K, used 45568K [0x00000000e0000000, 0x00000000e5500000, 0x0000000100000000)
  eden space 45568K, 100% used [0x00000000e0000000,0x00000000e2c80000,0x00000000e2c80000)
  from space 8704K, 0% used [0x00000000e2c80000,0x00000000e2c80000,0x00000000e3500000)
  to   space 8704K, 0% used [0x00000000e4c80000,0x00000000e4c80000,0x00000000e5500000)
 ParOldGen       total 47616K, used 14261K [0x00000000a0000000, 0x00000000a2e80000, 0x00000000e0000000)
  object space 47616K, 29% used [0x00000000a0000000,0x00000000a0ded5a8,0x00000000a2e80000)
 Metaspace       used 37244K, capacity 37968K, committed 38272K, reserved 1083392K
  class space    used 4963K, capacity 5165K, committed 5248K, reserved 1048576K
Event: 40.665 GC heap after
Heap after GC invocations=16 (full 2):
 PSYoungGen      total 73728K, used 6255K [0x00000000e0000000, 0x00000000e5300000, 0x0000000100000000)
  eden space 67072K, 0% used [0x00000000e0000000,0x00000000e0000000,0x00000000e4180000)
  from space 6656K, 93% used [0x00000000e4c80000,0x00000000e529be60,0x00000000e5300000)
  to   space 8704K, 0% used [0x00000000e4200000,0x00000000e4200000,0x00000000e4a80000)
 ParOldGen       total 47616K, used 14269K [0x00000000a0000000, 0x00000000a2e80000, 0x00000000e0000000)
  object space 47616K, 29% used [0x00000000a0000000,0x00000000a0def5a8,0x00000000a2e80000)
 Metaspace       used 37244K, capacity 37968K, committed 38272K, reserved 1083392K
  class space    used 4963K, capacity 5165K, committed 5248K, reserved 1048576K
}
Event: 44.322 GC heap before
{Heap before GC invocations=17 (full 2):
 PSYoungGen      total 73728K, used 73327K [0x00000000e0000000, 0x00000000e5300000, 0x0000000100000000)
  eden space 67072K, 100% used [0x00000000e0000000,0x00000000e4180000,0x00000000e4180000)
  from space 6656K, 93% used [0x00000000e4c80000,0x00000000e529be60,0x00000000e5300000)
  to   space 8704K, 0% used [0x00000000e4200000,0x00000000e4200000,0x00000000e4a80000)
 ParOldGen       total 47616K, used 14269K [0x00000000a0000000, 0x00000000a2e80000, 0x00000000e0000000)
  object space 47616K, 29% used [0x00000000a0000000,0x00000000a0def5a8,0x00000000a2e80000)
 Metaspace       used 42576K, capacity 43400K, committed 43648K, reserved 1087488K
  class space    used 5672K, capacity 5893K, committed 6016K, reserved 1048576K
Event: 44.336 GC heap after
Heap after GC invocations=17 (full 2):
 PSYoungGen      total 76288K, used 4553K [0x00000000e0000000, 0x00000000e6f80000, 0x0000000100000000)
  eden space 67584K, 0% used [0x00000000e0000000,0x00000000e0000000,0x00000000e4200000)
  from space 8704K, 52% used [0x00000000e4200000,0x00000000e46727f8,0x00000000e4a80000)
  to   space 8704K, 0% used [0x00000000e6700000,0x00000000e6700000,0x00000000e6f80000)
 ParOldGen       total 47616K, used 19056K [0x00000000a0000000, 0x00000000a2e80000, 0x00000000e0000000)
  object space 47616K, 40% used [0x00000000a0000000,0x00000000a129c060,0x00000000a2e80000)
 Metaspace       used 42576K, capacity 43400K, committed 43648K, reserved 1087488K
  class space    used 5672K, capacity 5893K, committed 6016K, reserved 1048576K
}
Event: 48.509 GC heap before
{Heap before GC invocations=18 (full 2):
 PSYoungGen      total 76288K, used 72137K [0x00000000e0000000, 0x00000000e6f80000, 0x0000000100000000)
  eden space 67584K, 100% used [0x00000000e0000000,0x00000000e4200000,0x00000000e4200000)
  from space 8704K, 52% used [0x00000000e4200000,0x00000000e46727f8,0x00000000e4a80000)
  to   space 8704K, 0% used [0x00000000e6700000,0x00000000e6700000,0x00000000e6f80000)
 ParOldGen       total 47616K, used 19056K [0x00000000a0000000, 0x00000000a2e80000, 0x00000000e0000000)
  object space 47616K, 40% used [0x00000000a0000000,0x00000000a129c060,0x00000000a2e80000)
 Metaspace       used 46859K, capacity 48334K, committed 48512K, reserved 1091584K
  class space    used 6357K, capacity 6686K, committed 6784K, reserved 1048576K
Event: 48.527 GC heap after
Heap after GC invocations=18 (full 2):
 PSYoungGen      total 104448K, used 8270K [0x00000000e0000000, 0x00000000e6f80000, 0x0000000100000000)
  eden space 95744K, 0% used [0x00000000e0000000,0x00000000e0000000,0x00000000e5d80000)
  from space 8704K, 95% used [0x00000000e6700000,0x00000000e6f13a58,0x00000000e6f80000)
  to   space 9216K, 0% used [0x00000000e5d80000,0x00000000e5d80000,0x00000000e6680000)
 ParOldGen       total 47616K, used 20555K [0x00000000a0000000, 0x00000000a2e80000, 0x00000000e0000000)
  object space 47616K, 43% used [0x00000000a0000000,0x00000000a1412e30,0x00000000a2e80000)
 Metaspace       used 46859K, capacity 48334K, committed 48512K, reserved 1091584K
  class space    used 6357K, capacity 6686K, committed 6784K, reserved 1048576K
}
Event: 58.465 GC heap before
{Heap before GC invocations=19 (full 2):
 PSYoungGen      total 104448K, used 104014K [0x00000000e0000000, 0x00000000e6f80000, 0x0000000100000000)
  eden space 95744K, 100% used [0x00000000e0000000,0x00000000e5d80000,0x00000000e5d80000)
  from space 8704K, 95% used [0x00000000e6700000,0x00000000e6f13a58,0x00000000e6f80000)
  to   space 9216K, 0% used [0x00000000e5d80000,0x00000000e5d80000,0x00000000e6680000)
 ParOldGen       total 47616K, used 20555K [0x00000000a0000000, 0x00000000a2e80000, 0x00000000e0000000)
  object space 47616K, 43% used [0x00000000a0000000,0x00000000a1412e30,0x00000000a2e80000)
 Metaspace       used 54451K, capacity 56092K, committed 56192K, reserved 1097728K
  class space    used 7372K, capacity 7717K, committed 7808K, reserved 1048576K
Event: 58.529 GC heap after
Heap after GC invocations=19 (full 2):
 PSYoungGen      total 104960K, used 9196K [0x00000000e0000000, 0x00000000e9300000, 0x0000000100000000)
  eden space 95744K, 0% used [0x00000000e0000000,0x00000000e0000000,0x00000000e5d80000)
  from space 9216K, 99% used [0x00000000e5d80000,0x00000000e667b0c0,0x00000000e6680000)
  to   space 14848K, 0% used [0x00000000e8480000,0x00000000e8480000,0x00000000e9300000)
 ParOldGen       total 47616K, used 32176K [0x00000000a0000000, 0x00000000a2e80000, 0x00000000e0000000)
  object space 47616K, 67% used [0x00000000a0000000,0x00000000a1f6c2a0,0x00000000a2e80000)
 Metaspace       used 54451K, capacity 56092K, committed 56192K, reserved 1097728K
  class space    used 7372K, capacity 7717K, committed 7808K, reserved 1048576K
}

Deoptimization events (10 events):
Event: 59.147 Thread 0x0000000018821000 Uncommon trap: reason=class_check action=maybe_recompile pc=0x0000000002f62b98 method=com.sun.tools.javac.util.List.prependList(Lcom/sun/tools/javac/util/List;)Lcom/sun/tools/javac/util/List; @ 1
Event: 62.204 Thread 0x0000000018821000 Uncommon trap: reason=unstable_if action=reinterpret pc=0x000000000395b0a4 method=com.esotericsoftware.kryo.io.Output.writeString(Ljava/lang/CharSequence;)V @ 50
Event: 62.209 Thread 0x0000000018821000 Uncommon trap: reason=bimorphic action=maybe_recompile pc=0x000000000324ab14 method=java.util.Collections.indexedBinarySearch(Ljava/util/List;Ljava/lang/Object;)I @ 39
Event: 62.209 Thread 0x0000000018821000 Uncommon trap: reason=bimorphic action=maybe_recompile pc=0x000000000324ab14 method=java.util.Collections.indexedBinarySearch(Ljava/util/List;Ljava/lang/Object;)I @ 39
Event: 62.291 Thread 0x0000000018821000 Uncommon trap: reason=unstable_if action=reinterpret pc=0x0000000003a25b14 method=com.google.common.collect.MapMakerInternalMap$Segment.getEntry(Ljava/lang/Object;I)Lcom/google/common/collect/MapMakerInternalMap$ReferenceEntry; @ 40
Event: 62.390 Thread 0x000000001d713000 Uncommon trap: reason=bimorphic action=maybe_recompile pc=0x000000000324ab14 method=java.util.Collections.indexedBinarySearch(Ljava/util/List;Ljava/lang/Object;)I @ 39
Event: 62.393 Thread 0x000000001d713000 Uncommon trap: reason=bimorphic action=maybe_recompile pc=0x000000000324ab14 method=java.util.Collections.indexedBinarySearch(Ljava/util/List;Ljava/lang/Object;)I @ 39
Event: 63.032 Thread 0x0000000018821000 Uncommon trap: reason=unstable_if action=reinterpret pc=0x00000000039f8c98 method=com.google.common.collect.MapMakerInternalMap$Segment.getEntry(Ljava/lang/Object;I)Lcom/google/common/collect/MapMakerInternalMap$ReferenceEntry; @ 40
Event: 63.450 Thread 0x0000000018821000 Uncommon trap: reason=unstable_if action=reinterpret pc=0x0000000003a1bf54 method=java.security.MessageDigest.isEqual([B[B)Z @ 53
Event: 63.694 Thread 0x0000000018821000 Uncommon trap: reason=unstable_if action=reinterpret pc=0x0000000003912708 method=java.util.concurrent.locks.ReentrantLock$Sync.nonfairTryAcquire(I)Z @ 34

Internal exceptions (10 events):
Event: 49.389 Thread 0x0000000018821000 Exception <a 'java/lang/ClassNotFoundException': org/gradle/model/internal/core/NodeBackedModelMapCustomizer> (0x00000000e10808d0) thrown at [C:\src\android\AOSP-openjdk\external\jetbrains\jdk\hotspot\src\share\vm\classfile\systemDictionary.cpp, line 210]
Event: 49.391 Thread 0x0000000018821000 Exception <a 'java/lang/ClassNotFoundException': org/gradle/platform/base/BinaryContainer_ImplCustomizer> (0x00000000e10dfe58) thrown at [C:\src\android\AOSP-openjdk\external\jetbrains\jdk\hotspot\src\share\vm\classfile\systemDictionary.cpp, line 210]
Event: 50.195 Thread 0x0000000018821000 Exception <a 'java/lang/NoSuchMethodError': <clinit>> (0x00000000e1631c08) thrown at [C:\src\android\AOSP-openjdk\external\jetbrains\jdk\hotspot\src\share\vm\prims\jni.cpp, line 1613]
Event: 50.196 Thread 0x0000000018821000 Exception <a 'java/lang/NoSuchMethodError': <clinit>> (0x00000000e163f4a8) thrown at [C:\src\android\AOSP-openjdk\external\jetbrains\jdk\hotspot\src\share\vm\prims\jni.cpp, line 1613]
Event: 50.217 Thread 0x0000000018821000 Implicit null exception at 0x00000000030dcc37 to 0x00000000030dd3ed
Event: 50.268 Thread 0x0000000018821000 Exception <a 'java/lang/NoSuchMethodError': <clinit>> (0x00000000e1781a60) thrown at [C:\src\android\AOSP-openjdk\external\jetbrains\jdk\hotspot\src\share\vm\prims\jni.cpp, line 1613]
Event: 50.269 Thread 0x0000000018821000 Exception <a 'java/lang/NoSuchMethodError': <clinit>> (0x00000000e179a7b8) thrown at [C:\src\android\AOSP-openjdk\external\jetbrains\jdk\hotspot\src\share\vm\prims\jni.cpp, line 1613]
Event: 50.269 Thread 0x0000000018821000 Exception <a 'java/lang/NoSuchMethodError': <clinit>> (0x00000000e179c438) thrown at [C:\src\android\AOSP-openjdk\external\jetbrains\jdk\hotspot\src\share\vm\prims\jni.cpp, line 1613]
Event: 58.967 Thread 0x0000000018821000 Implicit null exception at 0x00000000031dbbd5 to 0x00000000031dc049
Event: 63.757 Thread 0x000000001d713000 Exception <a 'java/lang/NoSuchMethodError': <clinit>> (0x00000000e233ff88) thrown at [C:\src\android\AOSP-openjdk\external\jetbrains\jdk\hotspot\src\share\vm\prims\jni.cpp, line 1613]

Events (10 events):
Event: 65.050 loading class org/objectweb/asm/ByteVector
Event: 65.050 loading class org/objectweb/asm/ByteVector done
Event: 65.051 loading class org/objectweb/asm/Item
Event: 65.051 loading class org/objectweb/asm/Item done
Event: 65.053 loading class com/android/build/gradle/internal/incremental/AsmUtils
Event: 65.053 loading class com/android/build/gradle/internal/incremental/AsmUtils done
Event: 65.055 loading class com/android/build/gradle/internal/incremental/IncrementalVisitor$AccessRight
Event: 65.055 loading class com/android/build/gradle/internal/incremental/IncrementalVisitor$AccessRight done
Event: 65.055 loading class com/android/build/gradle/internal/incremental/AsmUtils$DirectoryBasedClassReader
Event: 65.055 loading class com/android/build/gradle/internal/incremental/AsmUtils$DirectoryBasedClassReader done


Dynamic libraries:
0x00007ff7d74c0000 - 0x00007ff7d74f1000 	C:\Program Files\Android\Android Studio\jre\bin\java.exe
0x00007ff9226d0000 - 0x00007ff9228ab000 	C:\WINDOWS\SYSTEM32\ntdll.dll
0x00007ff9203b0000 - 0x00007ff92045e000 	C:\WINDOWS\System32\KERNEL32.DLL
0x00007ff91f680000 - 0x00007ff91f8c9000 	C:\WINDOWS\System32\KERNELBASE.dll
0x00007ff91fcd0000 - 0x00007ff91fd71000 	C:\WINDOWS\System32\ADVAPI32.dll
0x00007ff920c10000 - 0x00007ff920cad000 	C:\WINDOWS\System32\msvcrt.dll
0x00007ff920b80000 - 0x00007ff920bd9000 	C:\WINDOWS\System32\sechost.dll
0x00007ff920a50000 - 0x00007ff920b75000 	C:\WINDOWS\System32\RPCRT4.dll
0x00007ff9201e0000 - 0x00007ff92032a000 	C:\WINDOWS\System32\USER32.dll
0x00007ff91f980000 - 0x00007ff91f99e000 	C:\WINDOWS\System32\win32u.dll
0x00007ff920600000 - 0x00007ff920627000 	C:\WINDOWS\System32\GDI32.dll
0x00007ff91f4f0000 - 0x00007ff91f678000 	C:\WINDOWS\System32\gdi32full.dll
0x00007ff91fb70000 - 0x00007ff91fc0a000 	C:\WINDOWS\System32\msvcp_win.dll
0x00007ff91ec40000 - 0x00007ff91ed36000 	C:\WINDOWS\System32\ucrtbase.dll
0x00007ff913960000 - 0x00007ff913bc7000 	C:\WINDOWS\WinSxS\amd64_microsoft.windows.common-controls_6595b64144ccf1df_6.0.15063.483_none_26002d27e7c744a2\COMCTL32.dll
0x00007ff920750000 - 0x00007ff920a49000 	C:\WINDOWS\System32\combase.dll
0x00007ff91ebd0000 - 0x00007ff91ec3a000 	C:\WINDOWS\System32\bcryptPrimitives.dll
0x00007ff920be0000 - 0x00007ff920c0d000 	C:\WINDOWS\System32\IMM32.DLL
0x0000000061ea0000 - 0x0000000061f72000 	C:\Program Files\Android\Android Studio\jre\jre\bin\msvcr100.dll
0x0000000061630000 - 0x0000000061e6c000 	C:\Program Files\Android\Android Studio\jre\jre\bin\server\jvm.dll
0x00007ff91fd80000 - 0x00007ff91fd88000 	C:\WINDOWS\System32\PSAPI.DLL
0x00007ff91af10000 - 0x00007ff91af1a000 	C:\WINDOWS\SYSTEM32\VERSION.dll
0x00007ff90fc60000 - 0x00007ff90fc83000 	C:\WINDOWS\SYSTEM32\WINMM.dll
0x00007ff90fb70000 - 0x00007ff90fb9b000 	C:\WINDOWS\SYSTEM32\winmmbase.dll
0x00007ff91eda0000 - 0x00007ff91ede9000 	C:\WINDOWS\System32\cfgmgr32.dll
0x00007ff9121f0000 - 0x00007ff9121f9000 	C:\WINDOWS\SYSTEM32\WSOCK32.dll
0x00007ff920cb0000 - 0x00007ff920d1c000 	C:\WINDOWS\System32\WS2_32.dll
0x00007ff919390000 - 0x00007ff91939f000 	C:\Program Files\Android\Android Studio\jre\jre\bin\verify.dll
0x00007ff917c50000 - 0x00007ff917c79000 	C:\Program Files\Android\Android Studio\jre\jre\bin\java.dll
0x00007ff917fa0000 - 0x00007ff917fb6000 	C:\Program Files\Android\Android Studio\jre\jre\bin\zip.dll
0x00007ff921120000 - 0x00007ff922556000 	C:\WINDOWS\System32\SHELL32.dll
0x00007ff920ec0000 - 0x00007ff920f6a000 	C:\WINDOWS\System32\shcore.dll
0x00007ff91edf0000 - 0x00007ff91f4e3000 	C:\WINDOWS\System32\windows.storage.dll
0x00007ff9205a0000 - 0x00007ff9205f1000 	C:\WINDOWS\System32\shlwapi.dll
0x00007ff91eb90000 - 0x00007ff91eba1000 	C:\WINDOWS\System32\kernel.appcore.dll
0x00007ff91eb20000 - 0x00007ff91eb6c000 	C:\WINDOWS\System32\powrprof.dll
0x00007ff91ebb0000 - 0x00007ff91ebc5000 	C:\WINDOWS\System32\profapi.dll
0x00007ff9160a0000 - 0x00007ff9160ba000 	C:\Program Files\Android\Android Studio\jre\jre\bin\net.dll
0x00007ff91e3d0000 - 0x00007ff91e42c000 	C:\WINDOWS\system32\mswsock.dll
0x00007ff913f20000 - 0x00007ff913f31000 	C:\Program Files\Android\Android Studio\jre\jre\bin\nio.dll
0x00007ff918170000 - 0x00007ff91818e000 	C:\Users\Will\.gradle\native\23\windows-amd64\native-platform.dll
0x00007ff91e570000 - 0x00007ff91e587000 	C:\WINDOWS\SYSTEM32\CRYPTSP.dll
0x00007ff91dff0000 - 0x00007ff91e024000 	C:\WINDOWS\system32\rsaenh.dll
0x00007ff91e9f0000 - 0x00007ff91ea15000 	C:\WINDOWS\SYSTEM32\bcrypt.dll
0x00007ff91ea20000 - 0x00007ff91ea49000 	C:\WINDOWS\SYSTEM32\USERENV.dll
0x00007ff91e590000 - 0x00007ff91e59b000 	C:\WINDOWS\SYSTEM32\CRYPTBASE.dll
0x00007ff91e170000 - 0x00007ff91e1a7000 	C:\WINDOWS\SYSTEM32\IPHLPAPI.DLL
0x00007ff920740000 - 0x00007ff920748000 	C:\WINDOWS\System32\NSI.dll
0x00007ff919b70000 - 0x00007ff919b86000 	C:\WINDOWS\SYSTEM32\dhcpcsvc6.DLL
0x00007ff91a1b0000 - 0x00007ff91a1ca000 	C:\WINDOWS\SYSTEM32\dhcpcsvc.DLL
0x00007ff918320000 - 0x00007ff91832d000 	C:\Program Files\Android\Android Studio\jre\jre\bin\management.dll

VM Arguments:
jvm_args: -Xmx1536m -Dfile.encoding=windows-1252 -Duser.country=US -Duser.language=en -Duser.variant 
java_command: org.gradle.launcher.daemon.bootstrap.GradleDaemon 3.3
java_class_path (initial): C:\Users\Will\.gradle\wrapper\dists\gradle-3.3-all\55gk2rcmfc6p2dg9u9ohc3hw9\gradle-3.3\lib\gradle-launcher-3.3.jar
Launcher Type: SUN_STANDARD

Environment Variables:
PATH=C:\Python27\;C:\Python27\Scripts;C:\ProgramData\Oracle\Java\javapath;C:\Program Files\Common Files\Microsoft Shared\Windows Live;C:\Program Files (x86)\Common Files\Microsoft Shared\Windows Live;C:\windows\system32;C:\windows;C:\windows\System32\Wbem;C:\windows\System32\WindowsPowerShell\v1.0\;C:\Program Files (x86)\Windows Live\Shared;C:\Program Files (x86)\Toshiba\Bluetooth Toshiba Stack\sys\;C:\Program Files (x86)\Toshiba\Bluetooth Toshiba Stack\sys\x64\;C:\Program Files\Java\jdk1.8.0_20\bin;C:\Program Files\Microsoft SQL Server\110\Tools\Binn\;C:\Program Files (x86)\Microsoft SDKs\TypeScript\1.0\;C:\Program Files\Microsoft SQL Server\120\Tools\Binn\;C:\Program Files (x86)\Intel\Services\IPT\;C:\Program Files (x86)\Intel\OpenCL SDK\2.0\bin\x86;C:\Program Files (x86)\Intel\OpenCL SDK\2.0\bin\x64;C:\Program Files (x86)\MiKTeX 2.9\miktex\bin\x64\;C:\WINDOWS\system32\config\systemprofile\.dnx\bin;C:\Program Files\Microsoft DNX\Dnvm\;C:\Program Files\Microsoft SQL Server\130\Tools\Binn\;C:\Program Files (x86)\CMake\bin;C:\WINDOWS\system32;C:\WINDOWS;C:\WINDOWS\System32\Wbem;C:\WINDOWS\System32\WindowsPowerShell\v1.0\;C:\Program Files (x86)\nodejs\;C:\Program Files (x86)\Windows Kits\10\Windows Performance Toolkit\;C:\Program Files (x86)\GtkSharp\2.12\bin;C:\Users\Will\AppData\Local\Microsoft\WindowsApps;C:\Users\Will\AppData\Roaming\npm;C:\Program Files\Heroku\bin;C:\Program Files\PostgreSQL\9.6\bin;
USERNAME=Will
OS=Windows_NT
PROCESSOR_IDENTIFIER=Intel64 Family 6 Model 42 Stepping 7, GenuineIntel



---------------  S Y S T E M  ---------------

OS: Windows 10.0 , 64 bit Build 15063 (10.0.15063.296)

CPU:total 4 (2 cores per cpu, 2 threads per core) family 6 model 42 stepping 7, cmov, cx8, fxsr, mmx, sse, sse2, sse3, ssse3, sse4.1, sse4.2, popcnt, avx, clmul, ht, tsc, tscinvbit

Memory: 4k page, physical 6238060k(1396708k free), swap 7934828k(4612k free)

vm_info: OpenJDK 64-Bit Server VM (25.112-b06) for windows-amd64 JRE (1.8.0_112-release-b06), built on Dec  8 2016 00:54:26 by "builder" with MS VC++ 10.0 (VS2010)

time: Sat Sep 23 16:27:02 2017
elapsed time: 65 seconds (0d 0h 1m 5s)

