#
# There is insufficient memory for the Java Runtime Environment to continue.
# Native memory allocation (malloc) failed to allocate 1103056 bytes for Chunk::new
# Possible reasons:
#   The system is out of physical RAM or swap space
#   In 32 bit mode, the process size limit was hit
# Possible solutions:
#   Reduce memory load on the system
#   Increase physical memory or swap space
#   Check if swap backing store is full
#   Use 64 bit Java on a 64 bit OS
#   Decrease Java heap size (-Xmx/-Xms)
#   Decrease number of Java threads
#   Decrease Java thread stack sizes (-Xss)
#   Set larger code cache with -XX:ReservedCodeCacheSize=
# This output file may be truncated or incomplete.
#
#  Out of Memory Error (allocation.cpp:390), pid=3308, tid=0x0000000000001894
#
# JRE version: OpenJDK Runtime Environment (8.0_112-b06) (build 1.8.0_112-release-b06)
# Java VM: OpenJDK 64-Bit Server VM (25.112-b06 mixed mode windows-amd64 compressed oops)
# Failed to write core dump. Minidumps are not enabled by default on client versions of Windows
#

---------------  T H R E A D  ---------------

Current thread (0x00000000168bc000):  JavaThread "C2 CompilerThread1" daemon [_thread_in_native, id=6292, stack(0x0000000018010000,0x0000000018110000)]

Stack: [0x0000000018010000,0x0000000018110000]
[error occurred during error reporting (printing stack bounds), id 0xc0000005]

Native frames: (J=compiled Java code, j=interpreted, Vv=VM code, C=native code)


Current CompileTask:
C2:  47200 8626       4       java.util.EnumSet::noneOf (63 bytes)


---------------  P R O C E S S  ---------------

Java Threads: ( => current thread )
  0x000000001b725800 JavaThread "pool-3-thread-2" [_thread_blocked, id=14676, stack(0x0000000022600000,0x0000000022700000)]
  0x000000001b71e800 JavaThread "pool-3-thread-1" [_thread_blocked, id=14148, stack(0x0000000021a30000,0x0000000021b30000)]
  0x000000001b724000 JavaThread "Cache update executor" [_thread_blocked, id=6892, stack(0x000000001eb10000,0x000000001ec10000)]
  0x000000001b720800 JavaThread "File lock request listener" [_thread_in_native, id=1504, stack(0x000000001e5f0000,0x000000001e6f0000)]
  0x000000001939b800 JavaThread "Stdin handler" [_thread_blocked, id=15272, stack(0x000000001af80000,0x000000001b080000)]
  0x0000000019464000 JavaThread "Asynchronous log dispatcher for DefaultDaemonConnection: socket connection from /127.0.0.1:53954 to /127.0.0.1:53955" [_thread_blocked, id=10508, stack(0x000000001ae80000,0x000000001af80000)]
  0x0000000019370800 JavaThread "Daemon worker" [_thread_in_native, id=4656, stack(0x000000001ad80000,0x000000001ae80000)]
  0x000000001939d800 JavaThread "Cancel handler" [_thread_blocked, id=14744, stack(0x000000001ac80000,0x000000001ad80000)]
  0x00000000198a4000 JavaThread "pool-1-thread-1" [_thread_blocked, id=2936, stack(0x000000001ab80000,0x000000001ac80000)]
  0x00000000196f2000 JavaThread "Handler for socket connection from /127.0.0.1:53954 to /127.0.0.1:53955" [_thread_in_native, id=11704, stack(0x000000001aa80000,0x000000001ab80000)]
  0x000000001955b000 JavaThread "Daemon" [_thread_blocked, id=5504, stack(0x000000001a980000,0x000000001aa80000)]
  0x000000001931e000 JavaThread "Incoming local TCP Connector on port 53954" [_thread_in_native, id=6992, stack(0x0000000019fe0000,0x000000001a0e0000)]
  0x0000000018230800 JavaThread "Service Thread" daemon [_thread_blocked, id=10448, stack(0x0000000018610000,0x0000000018710000)]
  0x00000000168bf000 JavaThread "C1 CompilerThread2" daemon [_thread_blocked, id=7484, stack(0x0000000018110000,0x0000000018210000)]
=>0x00000000168bc000 JavaThread "C2 CompilerThread1" daemon [_thread_in_native, id=6292, stack(0x0000000018010000,0x0000000018110000)]
  0x00000000168c9000 JavaThread "C2 CompilerThread0" daemon [_thread_in_native, id=13804, stack(0x0000000017f10000,0x0000000018010000)]
  0x00000000168c8000 JavaThread "Attach Listener" daemon [_thread_blocked, id=15212, stack(0x0000000017e10000,0x0000000017f10000)]
  0x00000000168c6800 JavaThread "Signal Dispatcher" daemon [_thread_blocked, id=14796, stack(0x0000000017d10000,0x0000000017e10000)]
  0x00000000168a8800 JavaThread "Finalizer" daemon [_thread_blocked, id=12460, stack(0x0000000017b20000,0x0000000017c20000)]
  0x0000000002f41000 JavaThread "Reference Handler" daemon [_thread_blocked, id=3496, stack(0x0000000017a20000,0x0000000017b20000)]
  0x0000000002ccd800 JavaThread "main" [_thread_blocked, id=5724, stack(0x0000000002d50000,0x0000000002e50000)]

Other Threads:
  0x0000000016885800 VMThread [stack: 0x0000000017920000,0x0000000017a20000] [id=11872]
  0x000000001691e800 WatcherThread [stack: 0x0000000018710000,0x0000000018810000] [id=12232]

VM state:not at safepoint (normal execution)

VM Mutex/Monitor currently owned by a thread: None

Heap:
 PSYoungGen      total 126464K, used 4649K [0x00000000e0000000, 0x00000000e8e80000, 0x0000000100000000)
  eden space 107520K, 4% used [0x00000000e0000000,0x00000000e048a668,0x00000000e6900000)
  from space 18944K, 0% used [0x00000000e6900000,0x00000000e6900000,0x00000000e7b80000)
  to   space 15872K, 0% used [0x00000000e7b80000,0x00000000e7b80000,0x00000000e8b00000)
 ParOldGen       total 78848K, used 47364K [0x00000000a0000000, 0x00000000a4d00000, 0x00000000e0000000)
  object space 78848K, 60% used [0x00000000a0000000,0x00000000a2e41310,0x00000000a4d00000)
 Metaspace       used 57285K, capacity 59048K, committed 59264K, reserved 1099776K
  class space    used 7599K, capacity 7963K, committed 8064K, reserved 1048576K

Card table byte_map: [0x0000000012310000,0x0000000012620000] byte_map_base: 0x0000000011e10000

Marking Bits: (ParMarkBitMap*) 0x0000000061df18f0
 Begin Bits: [0x0000000012c20000, 0x0000000014420000)
 End Bits:   [0x0000000014420000, 0x0000000015c20000)

Polling page: 0x0000000000f60000

CodeCache: size=245760Kb used=25613Kb max_used=25613Kb free=220146Kb
 bounds [0x0000000002f50000, 0x0000000004870000, 0x0000000011f50000]
 total_blobs=8189 nmethods=7419 adapters=681
 compilation: enabled

Compilation events (10 events):
Event: 46.956 Thread 0x00000000168bf000 8650       1       com.sun.tools.javac.tree.JCTree$JCLiteral::getTag (4 bytes)
Event: 46.956 Thread 0x00000000168bf000 nmethod 8650 0x000000000486aa50 code [0x000000000486aba0, 0x000000000486acb0]
Event: 46.956 Thread 0x00000000168bf000 8651       1       com.sun.tools.javac.tree.JCTree$JCPrimitiveTypeTree::getTag (4 bytes)
Event: 46.957 Thread 0x00000000168bf000 nmethod 8651 0x000000000486ad10 code [0x000000000486ae60, 0x000000000486af70]
Event: 47.016 Thread 0x00000000168bf000 8654       3       com.sun.tools.javac.tree.TreeScanner::visitTypeArray (9 bytes)
Event: 47.017 Thread 0x00000000168bf000 nmethod 8654 0x000000000486afd0 code [0x000000000486b140, 0x000000000486b368]
Event: 47.124 Thread 0x00000000168bf000 8656       3       com.sun.tools.javac.jvm.Code::setDefined (55 bytes)
Event: 47.125 Thread 0x00000000168bf000 nmethod 8656 0x000000000486b450 code [0x000000000486b620, 0x000000000486bc18]
Event: 47.125 Thread 0x00000000168bf000 8657       3       com.sun.tools.javac.main.JavaCompiler::errorCount (71 bytes)
Event: 47.126 Thread 0x00000000168bf000 nmethod 8657 0x000000000486bf90 code [0x000000000486c160, 0x000000000486c828]

GC Heap History (10 events):
Event: 16.575 GC heap before
{Heap before GC invocations=14 (full 2):
 PSYoungGen      total 75264K, used 72609K [0x00000000e0000000, 0x00000000e6880000, 0x0000000100000000)
  eden space 64512K, 100% used [0x00000000e0000000,0x00000000e3f00000,0x00000000e3f00000)
  from space 10752K, 75% used [0x00000000e3f00000,0x00000000e46e8640,0x00000000e4980000)
  to   space 11264K, 0% used [0x00000000e5d80000,0x00000000e5d80000,0x00000000e6880000)
 ParOldGen       total 78848K, used 15411K [0x00000000a0000000, 0x00000000a4d00000, 0x00000000e0000000)
  object space 78848K, 19% used [0x00000000a0000000,0x00000000a0f0cf10,0x00000000a4d00000)
 Metaspace       used 44424K, capacity 45450K, committed 45696K, reserved 1089536K
  class space    used 5935K, capacity 6196K, committed 6272K, reserved 1048576K
Event: 16.646 GC heap after
Heap after GC invocations=14 (full 2):
 PSYoungGen      total 94720K, used 10746K [0x00000000e0000000, 0x00000000e6c80000, 0x0000000100000000)
  eden space 83456K, 0% used [0x00000000e0000000,0x00000000e0000000,0x00000000e5180000)
  from space 11264K, 95% used [0x00000000e5d80000,0x00000000e67feb70,0x00000000e6880000)
  to   space 12288K, 0% used [0x00000000e5180000,0x00000000e5180000,0x00000000e5d80000)
 ParOldGen       total 78848K, used 15419K [0x00000000a0000000, 0x00000000a4d00000, 0x00000000e0000000)
  object space 78848K, 19% used [0x00000000a0000000,0x00000000a0f0ef10,0x00000000a4d00000)
 Metaspace       used 44424K, capacity 45450K, committed 45696K, reserved 1089536K
  class space    used 5935K, capacity 6196K, committed 6272K, reserved 1048576K
}
Event: 22.732 GC heap before
{Heap before GC invocations=15 (full 2):
 PSYoungGen      total 94720K, used 94202K [0x00000000e0000000, 0x00000000e6c80000, 0x0000000100000000)
  eden space 83456K, 100% used [0x00000000e0000000,0x00000000e5180000,0x00000000e5180000)
  from space 11264K, 95% used [0x00000000e5d80000,0x00000000e67feb70,0x00000000e6880000)
  to   space 12288K, 0% used [0x00000000e5180000,0x00000000e5180000,0x00000000e5d80000)
 ParOldGen       total 78848K, used 15419K [0x00000000a0000000, 0x00000000a4d00000, 0x00000000e0000000)
  object space 78848K, 19% used [0x00000000a0000000,0x00000000a0f0ef10,0x00000000a4d00000)
 Metaspace       used 50037K, capacity 51714K, committed 51968K, reserved 1093632K
  class space    used 6801K, capacity 7130K, committed 7168K, reserved 1048576K
Event: 22.802 GC heap after
Heap after GC invocations=15 (full 2):
 PSYoungGen      total 95744K, used 12277K [0x00000000e0000000, 0x00000000e8b00000, 0x0000000100000000)
  eden space 83456K, 0% used [0x00000000e0000000,0x00000000e0000000,0x00000000e5180000)
  from space 12288K, 99% used [0x00000000e5180000,0x00000000e5d7d5e0,0x00000000e5d80000)
  to   space 15872K, 0% used [0x00000000e7b80000,0x00000000e7b80000,0x00000000e8b00000)
 ParOldGen       total 78848K, used 20336K [0x00000000a0000000, 0x00000000a4d00000, 0x00000000e0000000)
  object space 78848K, 25% used [0x00000000a0000000,0x00000000a13dc310,0x00000000a4d00000)
 Metaspace       used 50037K, capacity 51714K, committed 51968K, reserved 1093632K
  class space    used 6801K, capacity 7130K, committed 7168K, reserved 1048576K
}
Event: 40.619 GC heap before
{Heap before GC invocations=16 (full 2):
 PSYoungGen      total 95744K, used 95733K [0x00000000e0000000, 0x00000000e8b00000, 0x0000000100000000)
  eden space 83456K, 100% used [0x00000000e0000000,0x00000000e5180000,0x00000000e5180000)
  from space 12288K, 99% used [0x00000000e5180000,0x00000000e5d7d5e0,0x00000000e5d80000)
  to   space 15872K, 0% used [0x00000000e7b80000,0x00000000e7b80000,0x00000000e8b00000)
 ParOldGen       total 78848K, used 20336K [0x00000000a0000000, 0x00000000a4d00000, 0x00000000e0000000)
  object space 78848K, 25% used [0x00000000a0000000,0x00000000a13dc310,0x00000000a4d00000)
 Metaspace       used 51674K, capacity 53392K, committed 53504K, reserved 1095680K
  class space    used 6969K, capacity 7315K, committed 7424K, reserved 1048576K
Event: 40.676 GC heap after
Heap after GC invocations=16 (full 2):
 PSYoungGen      total 123392K, used 15842K [0x00000000e0000000, 0x00000000e8e80000, 0x0000000100000000)
  eden space 107520K, 0% used [0x00000000e0000000,0x00000000e0000000,0x00000000e6900000)
  from space 15872K, 99% used [0x00000000e7b80000,0x00000000e8af88d0,0x00000000e8b00000)
  to   space 18944K, 0% used [0x00000000e6900000,0x00000000e6900000,0x00000000e7b80000)
 ParOldGen       total 78848K, used 23350K [0x00000000a0000000, 0x00000000a4d00000, 0x00000000e0000000)
  object space 78848K, 29% used [0x00000000a0000000,0x00000000a16cda88,0x00000000a4d00000)
 Metaspace       used 51674K, capacity 53392K, committed 53504K, reserved 1095680K
  class space    used 6969K, capacity 7315K, committed 7424K, reserved 1048576K
}
Event: 45.812 GC heap before
{Heap before GC invocations=17 (full 2):
 PSYoungGen      total 123392K, used 94586K [0x00000000e0000000, 0x00000000e8e80000, 0x0000000100000000)
  eden space 107520K, 73% used [0x00000000e0000000,0x00000000e4ce6238,0x00000000e6900000)
  from space 15872K, 99% used [0x00000000e7b80000,0x00000000e8af88d0,0x00000000e8b00000)
  to   space 18944K, 0% used [0x00000000e6900000,0x00000000e6900000,0x00000000e7b80000)
 ParOldGen       total 78848K, used 23350K [0x00000000a0000000, 0x00000000a4d00000, 0x00000000e0000000)
  object space 78848K, 29% used [0x00000000a0000000,0x00000000a16cda88,0x00000000a4d00000)
 Metaspace       used 57236K, capacity 58990K, committed 59160K, reserved 1099776K
  class space    used 7599K, capacity 7964K, committed 8064K, reserved 1048576K
Event: 45.860 GC heap after
Heap after GC invocations=17 (full 2):
 PSYoungGen      total 126464K, used 18935K [0x00000000e0000000, 0x00000000e8e80000, 0x0000000100000000)
  eden space 107520K, 0% used [0x00000000e0000000,0x00000000e0000000,0x00000000e6900000)
  from space 18944K, 99% used [0x00000000e6900000,0x00000000e7b7dcf8,0x00000000e7b80000)
  to   space 15872K, 0% used [0x00000000e7b80000,0x00000000e7b80000,0x00000000e8b00000)
 ParOldGen       total 78848K, used 36702K [0x00000000a0000000, 0x00000000a4d00000, 0x00000000e0000000)
  object space 78848K, 46% used [0x00000000a0000000,0x00000000a23d79a0,0x00000000a4d00000)
 Metaspace       used 57236K, capacity 58990K, committed 59160K, reserved 1099776K
  class space    used 7599K, capacity 7964K, committed 8064K, reserved 1048576K
}
Event: 45.860 GC heap before
{Heap before GC invocations=18 (full 3):
 PSYoungGen      total 126464K, used 18935K [0x00000000e0000000, 0x00000000e8e80000, 0x0000000100000000)
  eden space 107520K, 0% used [0x00000000e0000000,0x00000000e0000000,0x00000000e6900000)
  from space 18944K, 99% used [0x00000000e6900000,0x00000000e7b7dcf8,0x00000000e7b80000)
  to   space 15872K, 0% used [0x00000000e7b80000,0x00000000e7b80000,0x00000000e8b00000)
 ParOldGen       total 78848K, used 36702K [0x00000000a0000000, 0x00000000a4d00000, 0x00000000e0000000)
  object space 78848K, 46% used [0x00000000a0000000,0x00000000a23d79a0,0x00000000a4d00000)
 Metaspace       used 57236K, capacity 58990K, committed 59160K, reserved 1099776K
  class space    used 7599K, capacity 7964K, committed 8064K, reserved 1048576K
Event: 46.493 GC heap after
Heap after GC invocations=18 (full 3):
 PSYoungGen      total 126464K, used 0K [0x00000000e0000000, 0x00000000e8e80000, 0x0000000100000000)
  eden space 107520K, 0% used [0x00000000e0000000,0x00000000e0000000,0x00000000e6900000)
  from space 18944K, 0% used [0x00000000e6900000,0x00000000e6900000,0x00000000e7b80000)
  to   space 15872K, 0% used [0x00000000e7b80000,0x00000000e7b80000,0x00000000e8b00000)
 ParOldGen       total 78848K, used 47364K [0x00000000a0000000, 0x00000000a4d00000, 0x00000000e0000000)
  object space 78848K, 60% used [0x00000000a0000000,0x00000000a2e41310,0x00000000a4d00000)
 Metaspace       used 57234K, capacity 58984K, committed 59160K, reserved 1099776K
  class space    used 7599K, capacity 7963K, committed 8064K, reserved 1048576K
}

Deoptimization events (10 events):
Event: 45.541 Thread 0x0000000019370800 Uncommon trap: reason=bimorphic action=maybe_recompile pc=0x00000000046d7950 method=com.sun.tools.javac.code.Types$19.visitClassType(Lcom/sun/tools/javac/code/Type$ClassType;Ljava/lang/Void;)Lcom/sun/tools/javac/util/List; @ 46
Event: 45.548 Thread 0x0000000019370800 Uncommon trap: reason=unstable_if action=reinterpret pc=0x0000000004773154 method=com.sun.tools.javac.code.Types$18.visitClassType(Lcom/sun/tools/javac/code/Type$ClassType;Ljava/lang/Void;)Lcom/sun/tools/javac/code/Type; @ 43
Event: 45.632 Thread 0x0000000019370800 Uncommon trap: reason=class_check action=maybe_recompile pc=0x00000000043a58cc method=com.sun.tools.javac.comp.MemberEnter.annotateLater(Lcom/sun/tools/javac/util/List;Lcom/sun/tools/javac/comp/Env;Lcom/sun/tools/javac/code/Symbol;Lcom/sun/tools/javac/util
Event: 45.632 Thread 0x0000000019370800 Uncommon trap: reason=class_check action=maybe_recompile pc=0x00000000046c13d0 method=com.sun.tools.javac.code.Type$ClassType.allparams()Lcom/sun/tools/javac/util/List; @ 16
Event: 45.655 Thread 0x0000000019370800 Uncommon trap: reason=class_check action=maybe_recompile pc=0x00000000046dd1fc method=com.sun.tools.javac.code.Type$ClassType.allparams()Lcom/sun/tools/javac/util/List; @ 16
Event: 45.679 Thread 0x0000000019370800 Uncommon trap: reason=unstable_if action=reinterpret pc=0x0000000004726d14 method=com.sun.tools.javac.code.Types$15.visitType(Lcom/sun/tools/javac/code/Type;Ljava/lang/Boolean;)Lcom/sun/tools/javac/code/Type; @ 14
Event: 45.679 Thread 0x0000000019370800 Uncommon trap: reason=unstable_if action=reinterpret pc=0x0000000004785160 method=com.sun.tools.javac.code.Types$19.visitClassType(Lcom/sun/tools/javac/code/Type$ClassType;Ljava/lang/Void;)Lcom/sun/tools/javac/util/List; @ 67
Event: 45.679 Thread 0x0000000019370800 Uncommon trap: reason=unstable_if action=reinterpret pc=0x00000000046d5650 method=com.sun.tools.javac.code.Types$19.visitClassType(Lcom/sun/tools/javac/code/Type$ClassType;Ljava/lang/Void;)Lcom/sun/tools/javac/util/List; @ 67
Event: 45.771 Thread 0x0000000019370800 Uncommon trap: reason=bimorphic action=maybe_recompile pc=0x00000000047328d4 method=com.sun.tools.javac.code.Type.isCompound()Z @ 14
Event: 46.501 Thread 0x0000000019370800 Uncommon trap: reason=null_check action=make_not_entrant pc=0x00000000044d15f8 method=com.sun.tools.javac.util.UnsharedNameTable.fromUtf([BII)Lcom/sun/tools/javac/util/Name; @ 50

Internal exceptions (10 events):
Event: 21.199 Thread 0x0000000019370800 Exception <a 'java/lang/NoSuchMethodError': <clinit>> (0x00000000e496f870) thrown at [C:\src\android\AOSP-openjdk\external\jetbrains\jdk\hotspot\src\share\vm\prims\jni.cpp, line 1613]
Event: 21.227 Thread 0x0000000019370800 Implicit null exception at 0x000000000415717a to 0x0000000004158431
Event: 21.272 Thread 0x0000000019370800 Exception <a 'java/lang/NoSuchMethodError': <clinit>> (0x00000000e4a22b68) thrown at [C:\src\android\AOSP-openjdk\external\jetbrains\jdk\hotspot\src\share\vm\prims\jni.cpp, line 1613]
Event: 21.274 Thread 0x0000000019370800 Exception <a 'java/lang/NoSuchMethodError': <clinit>> (0x00000000e4a3b8c0) thrown at [C:\src\android\AOSP-openjdk\external\jetbrains\jdk\hotspot\src\share\vm\prims\jni.cpp, line 1613]
Event: 21.274 Thread 0x0000000019370800 Exception <a 'java/lang/NoSuchMethodError': <clinit>> (0x00000000e4a3d540) thrown at [C:\src\android\AOSP-openjdk\external\jetbrains\jdk\hotspot\src\share\vm\prims\jni.cpp, line 1613]
Event: 26.552 Thread 0x0000000019370800 Implicit null exception at 0x000000000381399e to 0x0000000003813b21
Event: 26.972 Thread 0x0000000019370800 Implicit null exception at 0x00000000043489ab to 0x00000000043498ad
Event: 28.480 Thread 0x0000000019370800 Implicit null exception at 0x0000000003733257 to 0x0000000003733393
Event: 32.265 Thread 0x0000000019370800 Exception <a 'java/lang/NoSuchMethodError': java.lang.Object.lambda$negate$1(Ljava/lang/Object;)Z> (0x00000000e3a05250) thrown at [C:\src\android\AOSP-openjdk\external\jetbrains\jdk\hotspot\src\share\vm\interpreter\linkResolver.cpp, line 582]
Event: 46.501 Thread 0x0000000019370800 Implicit null exception at 0x00000000044d0ee3 to 0x00000000044d15b1

Events (10 events):
Event: 46.543 Executing VM operation: ForceSafepoint done
Event: 46.544 Thread 0x00000000168bf000 flushing nmethod 0x000000000429fe10
Event: 46.544 Thread 0x00000000168bf000 flushing nmethod 0x00000000042a1050
Event: 46.544 Thread 0x00000000168bf000 flushing nmethod 0x00000000042aeb50
Event: 46.544 Thread 0x00000000168bf000 flushing nmethod 0x00000000042b03d0
Event: 46.544 Thread 0x00000000168bf000 flushing nmethod 0x00000000042b7110
Event: 46.544 Thread 0x00000000168bf000 flushing nmethod 0x00000000042b7450
Event: 46.544 Thread 0x00000000168bf000 flushing nmethod 0x00000000043331d0
Event: 46.544 Thread 0x00000000168bf000 flushing nmethod 0x00000000044028d0
Event: 46.544 Thread 0x00000000168bf000 flushing nmethod 0x0000000004411b50


Dynamic libraries:
0x00007ff748320000 - 0x00007ff748351000 	C:\Program Files\Android\Android Studio\jre\bin\java.exe
0x00007ff9226d0000 - 0x00007ff9228ab000 	C:\WINDOWS\SYSTEM32\ntdll.dll
0x00007ff9203b0000 - 0x00007ff92045e000 	C:\WINDOWS\System32\KERNEL32.DLL
0x00007ff91f680000 - 0x00007ff91f8c9000 	C:\WINDOWS\System32\KERNELBASE.dll
0x00007ff91fcd0000 - 0x00007ff91fd71000 	C:\WINDOWS\System32\ADVAPI32.dll
0x00007ff920c10000 - 0x00007ff920cad000 	C:\WINDOWS\System32\msvcrt.dll
0x00007ff920b80000 - 0x00007ff920bd9000 	C:\WINDOWS\System32\sechost.dll
0x00007ff920a50000 - 0x00007ff920b75000 	C:\WINDOWS\System32\RPCRT4.dll
0x00007ff9201e0000 - 0x00007ff92032a000 	C:\WINDOWS\System32\USER32.dll
0x00007ff91f980000 - 0x00007ff91f99e000 	C:\WINDOWS\System32\win32u.dll
0x00007ff920600000 - 0x00007ff920627000 	C:\WINDOWS\System32\GDI32.dll
0x00007ff91f4f0000 - 0x00007ff91f678000 	C:\WINDOWS\System32\gdi32full.dll
0x00007ff91fb70000 - 0x00007ff91fc0a000 	C:\WINDOWS\System32\msvcp_win.dll
0x00007ff91ec40000 - 0x00007ff91ed36000 	C:\WINDOWS\System32\ucrtbase.dll
0x00007ff913960000 - 0x00007ff913bc7000 	C:\WINDOWS\WinSxS\amd64_microsoft.windows.common-controls_6595b64144ccf1df_6.0.15063.483_none_26002d27e7c744a2\COMCTL32.dll
0x00007ff920750000 - 0x00007ff920a49000 	C:\WINDOWS\System32\combase.dll
0x00007ff91ebd0000 - 0x00007ff91ec3a000 	C:\WINDOWS\System32\bcryptPrimitives.dll
0x00007ff920be0000 - 0x00007ff920c0d000 	C:\WINDOWS\System32\IMM32.DLL
0x0000000061550000 - 0x0000000061622000 	C:\Program Files\Android\Android Studio\jre\jre\bin\msvcr100.dll
0x0000000061630000 - 0x0000000061e6c000 	C:\Program Files\Android\Android Studio\jre\jre\bin\server\jvm.dll
0x00007ff91fd80000 - 0x00007ff91fd88000 	C:\WINDOWS\System32\PSAPI.DLL
0x00007ff9121f0000 - 0x00007ff9121f9000 	C:\WINDOWS\SYSTEM32\WSOCK32.dll
0x00007ff90fc60000 - 0x00007ff90fc83000 	C:\WINDOWS\SYSTEM32\WINMM.dll
0x00007ff91af10000 - 0x00007ff91af1a000 	C:\WINDOWS\SYSTEM32\VERSION.dll
0x00007ff920cb0000 - 0x00007ff920d1c000 	C:\WINDOWS\System32\WS2_32.dll
0x00007ff90fb70000 - 0x00007ff90fb9b000 	C:\WINDOWS\SYSTEM32\winmmbase.dll
0x00007ff91eda0000 - 0x00007ff91ede9000 	C:\WINDOWS\System32\cfgmgr32.dll
0x00007ff919390000 - 0x00007ff91939f000 	C:\Program Files\Android\Android Studio\jre\jre\bin\verify.dll
0x00007ff917c50000 - 0x00007ff917c79000 	C:\Program Files\Android\Android Studio\jre\jre\bin\java.dll
0x00007ff917fa0000 - 0x00007ff917fb6000 	C:\Program Files\Android\Android Studio\jre\jre\bin\zip.dll
0x00007ff921120000 - 0x00007ff922556000 	C:\WINDOWS\System32\SHELL32.dll
0x00007ff920ec0000 - 0x00007ff920f6a000 	C:\WINDOWS\System32\shcore.dll
0x00007ff91edf0000 - 0x00007ff91f4e3000 	C:\WINDOWS\System32\windows.storage.dll
0x00007ff9205a0000 - 0x00007ff9205f1000 	C:\WINDOWS\System32\shlwapi.dll
0x00007ff91eb90000 - 0x00007ff91eba1000 	C:\WINDOWS\System32\kernel.appcore.dll
0x00007ff91eb20000 - 0x00007ff91eb6c000 	C:\WINDOWS\System32\powrprof.dll
0x00007ff91ebb0000 - 0x00007ff91ebc5000 	C:\WINDOWS\System32\profapi.dll
0x00007ff9160a0000 - 0x00007ff9160ba000 	C:\Program Files\Android\Android Studio\jre\jre\bin\net.dll
0x00007ff91e3d0000 - 0x00007ff91e42c000 	C:\WINDOWS\system32\mswsock.dll
0x00007ff913f20000 - 0x00007ff913f31000 	C:\Program Files\Android\Android Studio\jre\jre\bin\nio.dll
0x00007ff918170000 - 0x00007ff91818e000 	C:\Users\Will\.gradle\native\23\windows-amd64\native-platform.dll
0x00007ff91e570000 - 0x00007ff91e587000 	C:\WINDOWS\SYSTEM32\CRYPTSP.dll
0x00007ff91dff0000 - 0x00007ff91e024000 	C:\WINDOWS\system32\rsaenh.dll
0x00007ff91e9f0000 - 0x00007ff91ea15000 	C:\WINDOWS\SYSTEM32\bcrypt.dll
0x00007ff91ea20000 - 0x00007ff91ea49000 	C:\WINDOWS\SYSTEM32\USERENV.dll
0x00007ff91e590000 - 0x00007ff91e59b000 	C:\WINDOWS\SYSTEM32\CRYPTBASE.dll
0x00007ff91e170000 - 0x00007ff91e1a7000 	C:\WINDOWS\SYSTEM32\IPHLPAPI.DLL
0x00007ff920740000 - 0x00007ff920748000 	C:\WINDOWS\System32\NSI.dll
0x00007ff919b70000 - 0x00007ff919b86000 	C:\WINDOWS\SYSTEM32\dhcpcsvc6.DLL
0x00007ff91a1b0000 - 0x00007ff91a1ca000 	C:\WINDOWS\SYSTEM32\dhcpcsvc.DLL
0x00007ff918320000 - 0x00007ff91832d000 	C:\Program Files\Android\Android Studio\jre\jre\bin\management.dll

VM Arguments:
jvm_args: -Xmx1536m -Dfile.encoding=windows-1252 -Duser.country=US -Duser.language=en -Duser.variant 
java_command: org.gradle.launcher.daemon.bootstrap.GradleDaemon 3.3
java_class_path (initial): C:\Users\Will\.gradle\wrapper\dists\gradle-3.3-all\55gk2rcmfc6p2dg9u9ohc3hw9\gradle-3.3\lib\gradle-launcher-3.3.jar
Launcher Type: SUN_STANDARD

Environment Variables:
PATH=C:\Python27\;C:\Python27\Scripts;C:\ProgramData\Oracle\Java\javapath;C:\Program Files\Common Files\Microsoft Shared\Windows Live;C:\Program Files (x86)\Common Files\Microsoft Shared\Windows Live;C:\windows\system32;C:\windows;C:\windows\System32\Wbem;C:\windows\System32\WindowsPowerShell\v1.0\;C:\Program Files (x86)\Windows Live\Shared;C:\Program Files (x86)\Toshiba\Bluetooth Toshiba Stack\sys\;C:\Program Files (x86)\Toshiba\Bluetooth Toshiba Stack\sys\x64\;C:\Program Files\Java\jdk1.8.0_20\bin;C:\Program Files\Microsoft SQL Server\110\Tools\Binn\;C:\Program Files (x86)\Microsoft SDKs\TypeScript\1.0\;C:\Program Files\Microsoft SQL Server\120\Tools\Binn\;C:\Program Files (x86)\Intel\Services\IPT\;C:\Program Files (x86)\Intel\OpenCL SDK\2.0\bin\x86;C:\Program Files (x86)\Intel\OpenCL SDK\2.0\bin\x64;C:\Program Files (x86)\MiKTeX 2.9\miktex\bin\x64\;C:\WINDOWS\system32\config\systemprofile\.dnx\bin;C:\Program Files\Microsoft DNX\Dnvm\;C:\Program Files\Microsoft SQL Server\130\Tools\Binn\;C:\Program Files (x86)\CMake\bin;C:\WINDOWS\system32;C:\WINDOWS;C:\WINDOWS\System32\Wbem;C:\WINDOWS\System32\WindowsPowerShell\v1.0\;C:\Program Files (x86)\nodejs\;C:\Program Files (x86)\Windows Kits\10\Windows Performance Toolkit\;C:\Program Files (x86)\GtkSharp\2.12\bin;C:\Users\Will\AppData\Local\Microsoft\WindowsApps;C:\Users\Will\AppData\Roaming\npm;C:\Program Files\Heroku\bin;C:\Program Files\PostgreSQL\9.6\bin;
USERNAME=Will
OS=Windows_NT
PROCESSOR_IDENTIFIER=Intel64 Family 6 Model 42 Stepping 7, GenuineIntel



---------------  S Y S T E M  ---------------

OS: Windows 10.0 , 64 bit Build 15063 (10.0.15063.296)

CPU:total 4 (2 cores per cpu, 2 threads per core) family 6 model 42 stepping 7, cmov, cx8, fxsr, mmx, sse, sse2, sse3, ssse3, sse4.1, sse4.2, popcnt, avx, clmul, ht, tsc, tscinvbit

Memory: 4k page, physical 6238060k(1041096k free), swap 7934828k(1224k free)

vm_info: OpenJDK 64-Bit Server VM (25.112-b06) for windows-amd64 JRE (1.8.0_112-release-b06), built on Dec  8 2016 00:54:26 by "builder" with MS VC++ 10.0 (VS2010)

time: Sat Sep 23 16:57:51 2017
elapsed time: 47 seconds (0d 0h 0m 47s)

